2023-02-04 23:39:38,440 - mmcls - INFO - Environment info:
------------------------------------------------------------
sys.platform: linux
Python: 3.8.16 (default, Jan 17 2023, 23:13:24) [GCC 11.2.0]
CUDA available: True
GPU 0,1: NVIDIA GeForce RTX 3090
CUDA_HOME: /data/apps/cuda/11.1
NVCC: Cuda compilation tools, release 11.1, V11.1.74
GCC: gcc (GCC) 7.3.0
PyTorch: 1.10.0+cu111
PyTorch compiling details: PyTorch built with:
  - GCC 7.3
  - C++ Version: 201402
  - Intel(R) Math Kernel Library Version 2020.0.0 Product Build 20191122 for Intel(R) 64 architecture applications
  - Intel(R) MKL-DNN v2.2.3 (Git Hash 7336ca9f055cf1bfa13efb658fe15dc9b41f0740)
  - OpenMP 201511 (a.k.a. OpenMP 4.5)
  - LAPACK is enabled (usually provided by MKL)
  - NNPACK is enabled
  - CPU capability usage: AVX2
  - CUDA Runtime 11.1
  - NVCC architecture flags: -gencode;arch=compute_37,code=sm_37;-gencode;arch=compute_50,code=sm_50;-gencode;arch=compute_60,code=sm_60;-gencode;arch=compute_70,code=sm_70;-gencode;arch=compute_75,code=sm_75;-gencode;arch=compute_80,code=sm_80;-gencode;arch=compute_86,code=sm_86
  - CuDNN 8.0.5
  - Magma 2.5.2
  - Build settings: BLAS_INFO=mkl, BUILD_TYPE=Release, CUDA_VERSION=11.1, CUDNN_VERSION=8.0.5, CXX_COMPILER=/opt/rh/devtoolset-7/root/usr/bin/c++, CXX_FLAGS= -Wno-deprecated -fvisibility-inlines-hidden -DUSE_PTHREADPOOL -fopenmp -DNDEBUG -DUSE_KINETO -DUSE_FBGEMM -DUSE_QNNPACK -DUSE_PYTORCH_QNNPACK -DUSE_XNNPACK -DSYMBOLICATE_MOBILE_DEBUG_HANDLE -DEDGE_PROFILER_USE_KINETO -O2 -fPIC -Wno-narrowing -Wall -Wextra -Werror=return-type -Wno-missing-field-initializers -Wno-type-limits -Wno-array-bounds -Wno-unknown-pragmas -Wno-sign-compare -Wno-unused-parameter -Wno-unused-variable -Wno-unused-function -Wno-unused-result -Wno-unused-local-typedefs -Wno-strict-overflow -Wno-strict-aliasing -Wno-error=deprecated-declarations -Wno-stringop-overflow -Wno-psabi -Wno-error=pedantic -Wno-error=redundant-decls -Wno-error=old-style-cast -fdiagnostics-color=always -faligned-new -Wno-unused-but-set-variable -Wno-maybe-uninitialized -fno-math-errno -fno-trapping-math -Werror=format -Wno-stringop-overflow, LAPACK_INFO=mkl, PERF_WITH_AVX=1, PERF_WITH_AVX2=1, PERF_WITH_AVX512=1, TORCH_VERSION=1.10.0, USE_CUDA=ON, USE_CUDNN=ON, USE_EXCEPTION_PTR=1, USE_GFLAGS=OFF, USE_GLOG=OFF, USE_MKL=ON, USE_MKLDNN=ON, USE_MPI=OFF, USE_NCCL=ON, USE_NNPACK=ON, USE_OPENMP=ON, 

TorchVision: 0.11.0+cu111
OpenCV: 4.7.0
MMCV: 1.7.0
MMCV Compiler: GCC 7.3
MMCV CUDA Compiler: 11.1
MMClassification: 0.25.0+3d4f80d
------------------------------------------------------------

2023-02-04 23:39:38,441 - mmcls - INFO - Distributed training: True
2023-02-04 23:39:38,541 - mmcls - INFO - Config:
model = dict(
    type='ImageClassifier',
    backbone=dict(
        type='ResNet',
        depth=18,
        num_stages=4,
        out_indices=(3, ),
        style='pytorch'),
    neck=dict(type='GlobalAveragePooling'),
    head=dict(
        type='LinearClsHead',
        num_classes=5,
        in_channels=512,
        loss=dict(type='CrossEntropyLoss', loss_weight=1.0),
        topk=(1, )))
dataset_type = 'ImageNet'
img_norm_cfg = dict(
    mean=[123.675, 116.28, 103.53], std=[58.395, 57.12, 57.375], to_rgb=True)
train_pipeline = [
    dict(type='LoadImageFromFile'),
    dict(type='RandomResizedCrop', size=224),
    dict(type='RandomFlip', flip_prob=0.5, direction='horizontal'),
    dict(
        type='Normalize',
        mean=[123.675, 116.28, 103.53],
        std=[58.395, 57.12, 57.375],
        to_rgb=True),
    dict(type='ImageToTensor', keys=['img']),
    dict(type='ToTensor', keys=['gt_label']),
    dict(type='Collect', keys=['img', 'gt_label'])
]
test_pipeline = [
    dict(type='LoadImageFromFile'),
    dict(type='Resize', size=(256, -1)),
    dict(type='CenterCrop', crop_size=224),
    dict(
        type='Normalize',
        mean=[123.675, 116.28, 103.53],
        std=[58.395, 57.12, 57.375],
        to_rgb=True),
    dict(type='ImageToTensor', keys=['img']),
    dict(type='Collect', keys=['img'])
]
data = dict(
    samples_per_gpu=32,
    workers_per_gpu=2,
    train=dict(
        type='ImageNet',
        data_prefix='data/flower_dataset/train',
        pipeline=[
            dict(type='LoadImageFromFile'),
            dict(type='RandomResizedCrop', size=224),
            dict(type='RandomFlip', flip_prob=0.5, direction='horizontal'),
            dict(
                type='Normalize',
                mean=[123.675, 116.28, 103.53],
                std=[58.395, 57.12, 57.375],
                to_rgb=True),
            dict(type='ImageToTensor', keys=['img']),
            dict(type='ToTensor', keys=['gt_label']),
            dict(type='Collect', keys=['img', 'gt_label'])
        ],
        ann_file='data/flower_dataset/train.txt',
        classes='data/flower_dataset/classes.txt'),
    val=dict(
        type='ImageNet',
        data_prefix='data/flower_dataset/val',
        ann_file='data/flower_dataset/val.txt',
        pipeline=[
            dict(type='LoadImageFromFile'),
            dict(type='Resize', size=(256, -1)),
            dict(type='CenterCrop', crop_size=224),
            dict(
                type='Normalize',
                mean=[123.675, 116.28, 103.53],
                std=[58.395, 57.12, 57.375],
                to_rgb=True),
            dict(type='ImageToTensor', keys=['img']),
            dict(type='Collect', keys=['img'])
        ],
        classes='data/flower_dataset/classes.txt'),
    test=dict(
        type='ImageNet',
        data_prefix='data/imagenet/val',
        ann_file='data/imagenet/meta/val.txt',
        pipeline=[
            dict(type='LoadImageFromFile'),
            dict(type='Resize', size=(256, -1)),
            dict(type='CenterCrop', crop_size=224),
            dict(
                type='Normalize',
                mean=[123.675, 116.28, 103.53],
                std=[58.395, 57.12, 57.375],
                to_rgb=True),
            dict(type='ImageToTensor', keys=['img']),
            dict(type='Collect', keys=['img'])
        ]))
evaluation = dict(
    interval=1, metric='accuracy', metric_options=dict(topk=(1, )))
checkpoint_config = dict(interval=1)
log_config = dict(interval=100, hooks=[dict(type='TextLoggerHook')])
dist_params = dict(backend='nccl')
log_level = 'INFO'
load_from = '/HOME/scz0ate/run/code/mmclassification/checkpoints/resnet18_batch256_imagenet_20200708-34ab8f90.pth'
resume_from = None
workflow = [('train', 1)]
optimizer = dict(type='SGD', lr=0.001, momentum=0.9, weight_decay=0.0001)
optimizer_config = dict(grad_clip=None)
lr_config = dict(policy='step', step=[1])
runner = dict(type='EpochBasedRunner', max_epochs=100)
work_dir = 'work/resnet18_b32_flower'
gpu_ids = range(0, 2)

2023-02-04 23:39:42,893 - mmcls - INFO - Set random seed to 1239847674, deterministic: False
2023-02-04 23:39:43,025 - mmcls - INFO - initialize ResNet with init_cfg [{'type': 'Kaiming', 'layer': ['Conv2d']}, {'type': 'Constant', 'val': 1, 'layer': ['_BatchNorm', 'GroupNorm']}]
2023-02-04 23:39:43,112 - mmcls - INFO - initialize LinearClsHead with init_cfg {'type': 'Normal', 'layer': 'Linear', 'std': 0.01}
Name of parameter - Initialization information

backbone.conv1.weight - torch.Size([64, 3, 7, 7]): 
KaimingInit: a=0, mode=fan_out, nonlinearity=relu, distribution =normal, bias=0 

backbone.bn1.weight - torch.Size([64]): 
The value is the same before and after calling `init_weights` of ImageClassifier  

backbone.bn1.bias - torch.Size([64]): 
The value is the same before and after calling `init_weights` of ImageClassifier  

backbone.layer1.0.conv1.weight - torch.Size([64, 64, 3, 3]): 
KaimingInit: a=0, mode=fan_out, nonlinearity=relu, distribution =normal, bias=0 

backbone.layer1.0.bn1.weight - torch.Size([64]): 
The value is the same before and after calling `init_weights` of ImageClassifier  

backbone.layer1.0.bn1.bias - torch.Size([64]): 
The value is the same before and after calling `init_weights` of ImageClassifier  

backbone.layer1.0.conv2.weight - torch.Size([64, 64, 3, 3]): 
KaimingInit: a=0, mode=fan_out, nonlinearity=relu, distribution =normal, bias=0 

backbone.layer1.0.bn2.weight - torch.Size([64]): 
Initialized by user-defined `init_weights` in ResNet  

backbone.layer1.0.bn2.bias - torch.Size([64]): 
The value is the same before and after calling `init_weights` of ImageClassifier  

backbone.layer1.1.conv1.weight - torch.Size([64, 64, 3, 3]): 
KaimingInit: a=0, mode=fan_out, nonlinearity=relu, distribution =normal, bias=0 

backbone.layer1.1.bn1.weight - torch.Size([64]): 
The value is the same before and after calling `init_weights` of ImageClassifier  

backbone.layer1.1.bn1.bias - torch.Size([64]): 
The value is the same before and after calling `init_weights` of ImageClassifier  

backbone.layer1.1.conv2.weight - torch.Size([64, 64, 3, 3]): 
KaimingInit: a=0, mode=fan_out, nonlinearity=relu, distribution =normal, bias=0 

backbone.layer1.1.bn2.weight - torch.Size([64]): 
Initialized by user-defined `init_weights` in ResNet  

backbone.layer1.1.bn2.bias - torch.Size([64]): 
The value is the same before and after calling `init_weights` of ImageClassifier  

backbone.layer2.0.conv1.weight - torch.Size([128, 64, 3, 3]): 
KaimingInit: a=0, mode=fan_out, nonlinearity=relu, distribution =normal, bias=0 

backbone.layer2.0.bn1.weight - torch.Size([128]): 
The value is the same before and after calling `init_weights` of ImageClassifier  

backbone.layer2.0.bn1.bias - torch.Size([128]): 
The value is the same before and after calling `init_weights` of ImageClassifier  

backbone.layer2.0.conv2.weight - torch.Size([128, 128, 3, 3]): 
KaimingInit: a=0, mode=fan_out, nonlinearity=relu, distribution =normal, bias=0 

backbone.layer2.0.bn2.weight - torch.Size([128]): 
Initialized by user-defined `init_weights` in ResNet  

backbone.layer2.0.bn2.bias - torch.Size([128]): 
The value is the same before and after calling `init_weights` of ImageClassifier  

backbone.layer2.0.downsample.0.weight - torch.Size([128, 64, 1, 1]): 
KaimingInit: a=0, mode=fan_out, nonlinearity=relu, distribution =normal, bias=0 

backbone.layer2.0.downsample.1.weight - torch.Size([128]): 
The value is the same before and after calling `init_weights` of ImageClassifier  

backbone.layer2.0.downsample.1.bias - torch.Size([128]): 
The value is the same before and after calling `init_weights` of ImageClassifier  

backbone.layer2.1.conv1.weight - torch.Size([128, 128, 3, 3]): 
KaimingInit: a=0, mode=fan_out, nonlinearity=relu, distribution =normal, bias=0 

backbone.layer2.1.bn1.weight - torch.Size([128]): 
The value is the same before and after calling `init_weights` of ImageClassifier  

backbone.layer2.1.bn1.bias - torch.Size([128]): 
The value is the same before and after calling `init_weights` of ImageClassifier  

backbone.layer2.1.conv2.weight - torch.Size([128, 128, 3, 3]): 
KaimingInit: a=0, mode=fan_out, nonlinearity=relu, distribution =normal, bias=0 

backbone.layer2.1.bn2.weight - torch.Size([128]): 
Initialized by user-defined `init_weights` in ResNet  

backbone.layer2.1.bn2.bias - torch.Size([128]): 
The value is the same before and after calling `init_weights` of ImageClassifier  

backbone.layer3.0.conv1.weight - torch.Size([256, 128, 3, 3]): 
KaimingInit: a=0, mode=fan_out, nonlinearity=relu, distribution =normal, bias=0 

backbone.layer3.0.bn1.weight - torch.Size([256]): 
The value is the same before and after calling `init_weights` of ImageClassifier  

backbone.layer3.0.bn1.bias - torch.Size([256]): 
The value is the same before and after calling `init_weights` of ImageClassifier  

backbone.layer3.0.conv2.weight - torch.Size([256, 256, 3, 3]): 
KaimingInit: a=0, mode=fan_out, nonlinearity=relu, distribution =normal, bias=0 

backbone.layer3.0.bn2.weight - torch.Size([256]): 
Initialized by user-defined `init_weights` in ResNet  

backbone.layer3.0.bn2.bias - torch.Size([256]): 
The value is the same before and after calling `init_weights` of ImageClassifier  

backbone.layer3.0.downsample.0.weight - torch.Size([256, 128, 1, 1]): 
KaimingInit: a=0, mode=fan_out, nonlinearity=relu, distribution =normal, bias=0 

backbone.layer3.0.downsample.1.weight - torch.Size([256]): 
The value is the same before and after calling `init_weights` of ImageClassifier  

backbone.layer3.0.downsample.1.bias - torch.Size([256]): 
The value is the same before and after calling `init_weights` of ImageClassifier  

backbone.layer3.1.conv1.weight - torch.Size([256, 256, 3, 3]): 
KaimingInit: a=0, mode=fan_out, nonlinearity=relu, distribution =normal, bias=0 

backbone.layer3.1.bn1.weight - torch.Size([256]): 
The value is the same before and after calling `init_weights` of ImageClassifier  

backbone.layer3.1.bn1.bias - torch.Size([256]): 
The value is the same before and after calling `init_weights` of ImageClassifier  

backbone.layer3.1.conv2.weight - torch.Size([256, 256, 3, 3]): 
KaimingInit: a=0, mode=fan_out, nonlinearity=relu, distribution =normal, bias=0 

backbone.layer3.1.bn2.weight - torch.Size([256]): 
Initialized by user-defined `init_weights` in ResNet  

backbone.layer3.1.bn2.bias - torch.Size([256]): 
The value is the same before and after calling `init_weights` of ImageClassifier  

backbone.layer4.0.conv1.weight - torch.Size([512, 256, 3, 3]): 
KaimingInit: a=0, mode=fan_out, nonlinearity=relu, distribution =normal, bias=0 

backbone.layer4.0.bn1.weight - torch.Size([512]): 
The value is the same before and after calling `init_weights` of ImageClassifier  

backbone.layer4.0.bn1.bias - torch.Size([512]): 
The value is the same before and after calling `init_weights` of ImageClassifier  

backbone.layer4.0.conv2.weight - torch.Size([512, 512, 3, 3]): 
KaimingInit: a=0, mode=fan_out, nonlinearity=relu, distribution =normal, bias=0 

backbone.layer4.0.bn2.weight - torch.Size([512]): 
Initialized by user-defined `init_weights` in ResNet  

backbone.layer4.0.bn2.bias - torch.Size([512]): 
The value is the same before and after calling `init_weights` of ImageClassifier  

backbone.layer4.0.downsample.0.weight - torch.Size([512, 256, 1, 1]): 
KaimingInit: a=0, mode=fan_out, nonlinearity=relu, distribution =normal, bias=0 

backbone.layer4.0.downsample.1.weight - torch.Size([512]): 
The value is the same before and after calling `init_weights` of ImageClassifier  

backbone.layer4.0.downsample.1.bias - torch.Size([512]): 
The value is the same before and after calling `init_weights` of ImageClassifier  

backbone.layer4.1.conv1.weight - torch.Size([512, 512, 3, 3]): 
KaimingInit: a=0, mode=fan_out, nonlinearity=relu, distribution =normal, bias=0 

backbone.layer4.1.bn1.weight - torch.Size([512]): 
The value is the same before and after calling `init_weights` of ImageClassifier  

backbone.layer4.1.bn1.bias - torch.Size([512]): 
The value is the same before and after calling `init_weights` of ImageClassifier  

backbone.layer4.1.conv2.weight - torch.Size([512, 512, 3, 3]): 
KaimingInit: a=0, mode=fan_out, nonlinearity=relu, distribution =normal, bias=0 

backbone.layer4.1.bn2.weight - torch.Size([512]): 
Initialized by user-defined `init_weights` in ResNet  

backbone.layer4.1.bn2.bias - torch.Size([512]): 
The value is the same before and after calling `init_weights` of ImageClassifier  

head.fc.weight - torch.Size([5, 512]): 
NormalInit: mean=0, std=0.01, bias=0 

head.fc.bias - torch.Size([5]): 
NormalInit: mean=0, std=0.01, bias=0 
2023-02-04 23:39:43,360 - mmcls - INFO - load checkpoint from local path: /HOME/scz0ate/run/code/mmclassification/checkpoints/resnet18_batch256_imagenet_20200708-34ab8f90.pth
2023-02-04 23:39:43,457 - mmcls - WARNING - The model and loaded state dict do not match exactly

size mismatch for head.fc.weight: copying a param with shape torch.Size([1000, 512]) from checkpoint, the shape in current model is torch.Size([5, 512]).
size mismatch for head.fc.bias: copying a param with shape torch.Size([1000]) from checkpoint, the shape in current model is torch.Size([5]).
2023-02-04 23:39:43,458 - mmcls - INFO - Start running, host: scz0ate@g0073, work_dir: /data/run01/scz0ate/code/mmclassification/work/resnet18_b32_flower
2023-02-04 23:39:43,458 - mmcls - INFO - Hooks will be executed in the following order:
before_run:
(VERY_HIGH   ) StepLrUpdaterHook                  
(NORMAL      ) CheckpointHook                     
(LOW         ) DistEvalHook                       
(VERY_LOW    ) TextLoggerHook                     
 -------------------- 
before_train_epoch:
(VERY_HIGH   ) StepLrUpdaterHook                  
(NORMAL      ) DistSamplerSeedHook                
(LOW         ) IterTimerHook                      
(LOW         ) DistEvalHook                       
(VERY_LOW    ) TextLoggerHook                     
 -------------------- 
before_train_iter:
(VERY_HIGH   ) StepLrUpdaterHook                  
(LOW         ) IterTimerHook                      
(LOW         ) DistEvalHook                       
 -------------------- 
after_train_iter:
(ABOVE_NORMAL) DistOptimizerHook                  
(NORMAL      ) CheckpointHook                     
(LOW         ) IterTimerHook                      
(LOW         ) DistEvalHook                       
(VERY_LOW    ) TextLoggerHook                     
 -------------------- 
after_train_epoch:
(NORMAL      ) CheckpointHook                     
(LOW         ) DistEvalHook                       
(VERY_LOW    ) TextLoggerHook                     
 -------------------- 
before_val_epoch:
(NORMAL      ) DistSamplerSeedHook                
(LOW         ) IterTimerHook                      
(VERY_LOW    ) TextLoggerHook                     
 -------------------- 
before_val_iter:
(LOW         ) IterTimerHook                      
 -------------------- 
after_val_iter:
(LOW         ) IterTimerHook                      
 -------------------- 
after_val_epoch:
(VERY_LOW    ) TextLoggerHook                     
 -------------------- 
after_run:
(VERY_LOW    ) TextLoggerHook                     
 -------------------- 
2023-02-04 23:39:43,458 - mmcls - INFO - workflow: [('train', 1)], max: 100 epochs
2023-02-04 23:39:43,458 - mmcls - INFO - Checkpoints will be saved to /data/run01/scz0ate/code/mmclassification/work/resnet18_b32_flower by HardDiskBackend.
2023-02-04 23:39:48,281 - mmcls - INFO - Saving checkpoint at 1 epochs
2023-02-04 23:39:53,003 - mmcls - INFO - Epoch(val) [1][9]	accuracy_top-1: 91.3732
2023-02-04 23:39:56,716 - mmcls - INFO - Saving checkpoint at 2 epochs
2023-02-04 23:39:59,346 - mmcls - INFO - Epoch(val) [2][9]	accuracy_top-1: 91.0211
2023-02-04 23:40:03,058 - mmcls - INFO - Saving checkpoint at 3 epochs
2023-02-04 23:40:05,763 - mmcls - INFO - Epoch(val) [3][9]	accuracy_top-1: 91.0211
2023-02-04 23:40:09,506 - mmcls - INFO - Saving checkpoint at 4 epochs
2023-02-04 23:40:12,145 - mmcls - INFO - Epoch(val) [4][9]	accuracy_top-1: 91.5493
2023-02-04 23:40:15,887 - mmcls - INFO - Saving checkpoint at 5 epochs
2023-02-04 23:40:18,523 - mmcls - INFO - Epoch(val) [5][9]	accuracy_top-1: 92.0775
2023-02-04 23:40:22,273 - mmcls - INFO - Saving checkpoint at 6 epochs
2023-02-04 23:40:24,911 - mmcls - INFO - Epoch(val) [6][9]	accuracy_top-1: 92.6056
2023-02-04 23:40:28,635 - mmcls - INFO - Saving checkpoint at 7 epochs
2023-02-04 23:40:31,274 - mmcls - INFO - Epoch(val) [7][9]	accuracy_top-1: 92.7817
2023-02-04 23:40:34,977 - mmcls - INFO - Saving checkpoint at 8 epochs
2023-02-04 23:40:37,618 - mmcls - INFO - Epoch(val) [8][9]	accuracy_top-1: 93.1338
2023-02-04 23:40:41,314 - mmcls - INFO - Saving checkpoint at 9 epochs
2023-02-04 23:40:43,956 - mmcls - INFO - Epoch(val) [9][9]	accuracy_top-1: 93.1338
2023-02-04 23:40:47,708 - mmcls - INFO - Saving checkpoint at 10 epochs
2023-02-04 23:40:50,346 - mmcls - INFO - Epoch(val) [10][9]	accuracy_top-1: 93.4859
2023-02-04 23:40:54,052 - mmcls - INFO - Saving checkpoint at 11 epochs
2023-02-04 23:40:56,707 - mmcls - INFO - Epoch(val) [11][9]	accuracy_top-1: 93.8380
2023-02-04 23:41:00,418 - mmcls - INFO - Saving checkpoint at 12 epochs
2023-02-04 23:41:03,060 - mmcls - INFO - Epoch(val) [12][9]	accuracy_top-1: 93.8380
2023-02-04 23:41:06,795 - mmcls - INFO - Saving checkpoint at 13 epochs
2023-02-04 23:41:09,443 - mmcls - INFO - Epoch(val) [13][9]	accuracy_top-1: 93.8380
2023-02-04 23:41:13,176 - mmcls - INFO - Saving checkpoint at 14 epochs
2023-02-04 23:41:15,815 - mmcls - INFO - Epoch(val) [14][9]	accuracy_top-1: 93.8380
2023-02-04 23:41:19,546 - mmcls - INFO - Saving checkpoint at 15 epochs
2023-02-04 23:41:22,184 - mmcls - INFO - Epoch(val) [15][9]	accuracy_top-1: 94.0141
2023-02-04 23:41:25,903 - mmcls - INFO - Saving checkpoint at 16 epochs
2023-02-04 23:41:28,543 - mmcls - INFO - Epoch(val) [16][9]	accuracy_top-1: 94.0141
2023-02-04 23:41:32,269 - mmcls - INFO - Saving checkpoint at 17 epochs
2023-02-04 23:41:34,905 - mmcls - INFO - Epoch(val) [17][9]	accuracy_top-1: 93.8380
2023-02-04 23:41:38,633 - mmcls - INFO - Saving checkpoint at 18 epochs
2023-02-04 23:41:41,284 - mmcls - INFO - Epoch(val) [18][9]	accuracy_top-1: 94.3662
2023-02-04 23:41:44,988 - mmcls - INFO - Saving checkpoint at 19 epochs
2023-02-04 23:41:47,638 - mmcls - INFO - Epoch(val) [19][9]	accuracy_top-1: 94.3662
2023-02-04 23:41:51,338 - mmcls - INFO - Saving checkpoint at 20 epochs
2023-02-04 23:41:54,215 - mmcls - INFO - Epoch(val) [20][9]	accuracy_top-1: 93.8380
2023-02-04 23:41:57,949 - mmcls - INFO - Saving checkpoint at 21 epochs
2023-02-04 23:42:01,284 - mmcls - INFO - Epoch(val) [21][9]	accuracy_top-1: 94.0141
2023-02-04 23:42:04,998 - mmcls - INFO - Saving checkpoint at 22 epochs
2023-02-04 23:42:07,648 - mmcls - INFO - Epoch(val) [22][9]	accuracy_top-1: 94.5423
2023-02-04 23:42:11,355 - mmcls - INFO - Saving checkpoint at 23 epochs
2023-02-04 23:42:13,994 - mmcls - INFO - Epoch(val) [23][9]	accuracy_top-1: 94.5423
2023-02-04 23:42:17,727 - mmcls - INFO - Saving checkpoint at 24 epochs
2023-02-04 23:42:20,515 - mmcls - INFO - Epoch(val) [24][9]	accuracy_top-1: 94.5423
2023-02-04 23:42:24,258 - mmcls - INFO - Saving checkpoint at 25 epochs
2023-02-04 23:42:26,908 - mmcls - INFO - Epoch(val) [25][9]	accuracy_top-1: 94.5423
2023-02-04 23:42:30,653 - mmcls - INFO - Saving checkpoint at 26 epochs
2023-02-04 23:42:33,292 - mmcls - INFO - Epoch(val) [26][9]	accuracy_top-1: 94.3662
2023-02-04 23:42:37,018 - mmcls - INFO - Saving checkpoint at 27 epochs
2023-02-04 23:42:39,648 - mmcls - INFO - Epoch(val) [27][9]	accuracy_top-1: 94.5423
2023-02-04 23:42:43,384 - mmcls - INFO - Saving checkpoint at 28 epochs
2023-02-04 23:42:46,021 - mmcls - INFO - Epoch(val) [28][9]	accuracy_top-1: 94.5423
2023-02-04 23:42:49,731 - mmcls - INFO - Saving checkpoint at 29 epochs
2023-02-04 23:42:52,364 - mmcls - INFO - Epoch(val) [29][9]	accuracy_top-1: 94.7183
2023-02-04 23:42:56,080 - mmcls - INFO - Saving checkpoint at 30 epochs
2023-02-04 23:42:58,714 - mmcls - INFO - Epoch(val) [30][9]	accuracy_top-1: 94.5423
2023-02-04 23:43:02,475 - mmcls - INFO - Saving checkpoint at 31 epochs
2023-02-04 23:43:05,251 - mmcls - INFO - Epoch(val) [31][9]	accuracy_top-1: 94.7183
2023-02-04 23:43:08,961 - mmcls - INFO - Saving checkpoint at 32 epochs
2023-02-04 23:43:11,811 - mmcls - INFO - Epoch(val) [32][9]	accuracy_top-1: 94.7183
2023-02-04 23:43:15,525 - mmcls - INFO - Saving checkpoint at 33 epochs
2023-02-04 23:43:18,166 - mmcls - INFO - Epoch(val) [33][9]	accuracy_top-1: 94.8944
2023-02-04 23:43:21,876 - mmcls - INFO - Saving checkpoint at 34 epochs
2023-02-04 23:43:24,514 - mmcls - INFO - Epoch(val) [34][9]	accuracy_top-1: 94.7183
2023-02-04 23:43:28,290 - mmcls - INFO - Saving checkpoint at 35 epochs
2023-02-04 23:43:30,944 - mmcls - INFO - Epoch(val) [35][9]	accuracy_top-1: 95.2465
2023-02-04 23:43:34,680 - mmcls - INFO - Saving checkpoint at 36 epochs
2023-02-04 23:43:37,316 - mmcls - INFO - Epoch(val) [36][9]	accuracy_top-1: 95.0704
2023-02-04 23:43:41,043 - mmcls - INFO - Saving checkpoint at 37 epochs
2023-02-04 23:43:43,679 - mmcls - INFO - Epoch(val) [37][9]	accuracy_top-1: 94.7183
2023-02-04 23:43:47,421 - mmcls - INFO - Saving checkpoint at 38 epochs
2023-02-04 23:43:50,065 - mmcls - INFO - Epoch(val) [38][9]	accuracy_top-1: 94.7183
2023-02-04 23:43:53,793 - mmcls - INFO - Saving checkpoint at 39 epochs
2023-02-04 23:43:56,428 - mmcls - INFO - Epoch(val) [39][9]	accuracy_top-1: 94.8944
2023-02-04 23:44:00,161 - mmcls - INFO - Saving checkpoint at 40 epochs
2023-02-04 23:44:02,794 - mmcls - INFO - Epoch(val) [40][9]	accuracy_top-1: 95.0704
2023-02-04 23:44:06,525 - mmcls - INFO - Saving checkpoint at 41 epochs
2023-02-04 23:44:09,164 - mmcls - INFO - Epoch(val) [41][9]	accuracy_top-1: 94.8944
2023-02-04 23:44:12,902 - mmcls - INFO - Saving checkpoint at 42 epochs
2023-02-04 23:44:15,536 - mmcls - INFO - Epoch(val) [42][9]	accuracy_top-1: 95.0704
2023-02-04 23:44:19,248 - mmcls - INFO - Saving checkpoint at 43 epochs
2023-02-04 23:44:21,885 - mmcls - INFO - Epoch(val) [43][9]	accuracy_top-1: 95.0704
2023-02-04 23:44:25,611 - mmcls - INFO - Saving checkpoint at 44 epochs
2023-02-04 23:44:28,249 - mmcls - INFO - Epoch(val) [44][9]	accuracy_top-1: 95.0704
2023-02-04 23:44:31,955 - mmcls - INFO - Saving checkpoint at 45 epochs
2023-02-04 23:44:34,592 - mmcls - INFO - Epoch(val) [45][9]	accuracy_top-1: 94.8944
2023-02-04 23:44:38,314 - mmcls - INFO - Saving checkpoint at 46 epochs
2023-02-04 23:44:40,945 - mmcls - INFO - Epoch(val) [46][9]	accuracy_top-1: 95.4225
2023-02-04 23:44:44,679 - mmcls - INFO - Saving checkpoint at 47 epochs
2023-02-04 23:44:47,310 - mmcls - INFO - Epoch(val) [47][9]	accuracy_top-1: 95.0704
2023-02-04 23:44:51,040 - mmcls - INFO - Saving checkpoint at 48 epochs
2023-02-04 23:44:53,684 - mmcls - INFO - Epoch(val) [48][9]	accuracy_top-1: 95.2465
2023-02-04 23:44:57,395 - mmcls - INFO - Saving checkpoint at 49 epochs
2023-02-04 23:45:00,031 - mmcls - INFO - Epoch(val) [49][9]	accuracy_top-1: 95.2465
2023-02-04 23:45:03,758 - mmcls - INFO - Saving checkpoint at 50 epochs
2023-02-04 23:45:06,397 - mmcls - INFO - Epoch(val) [50][9]	accuracy_top-1: 95.0704
2023-02-04 23:45:10,135 - mmcls - INFO - Saving checkpoint at 51 epochs
2023-02-04 23:45:12,776 - mmcls - INFO - Epoch(val) [51][9]	accuracy_top-1: 94.7183
2023-02-04 23:45:16,516 - mmcls - INFO - Saving checkpoint at 52 epochs
2023-02-04 23:45:19,158 - mmcls - INFO - Epoch(val) [52][9]	accuracy_top-1: 95.2465
2023-02-04 23:45:22,872 - mmcls - INFO - Saving checkpoint at 53 epochs
2023-02-04 23:45:25,514 - mmcls - INFO - Epoch(val) [53][9]	accuracy_top-1: 95.4225
2023-02-04 23:45:29,245 - mmcls - INFO - Saving checkpoint at 54 epochs
2023-02-04 23:45:31,890 - mmcls - INFO - Epoch(val) [54][9]	accuracy_top-1: 95.9507
2023-02-04 23:45:35,632 - mmcls - INFO - Saving checkpoint at 55 epochs
2023-02-04 23:45:38,268 - mmcls - INFO - Epoch(val) [55][9]	accuracy_top-1: 94.8944
2023-02-04 23:45:42,006 - mmcls - INFO - Saving checkpoint at 56 epochs
2023-02-04 23:45:44,649 - mmcls - INFO - Epoch(val) [56][9]	accuracy_top-1: 95.5986
2023-02-04 23:45:48,379 - mmcls - INFO - Saving checkpoint at 57 epochs
2023-02-04 23:45:51,025 - mmcls - INFO - Epoch(val) [57][9]	accuracy_top-1: 95.0704
2023-02-04 23:45:54,757 - mmcls - INFO - Saving checkpoint at 58 epochs
2023-02-04 23:45:57,405 - mmcls - INFO - Epoch(val) [58][9]	accuracy_top-1: 95.4225
2023-02-04 23:46:01,130 - mmcls - INFO - Saving checkpoint at 59 epochs
2023-02-04 23:46:03,774 - mmcls - INFO - Epoch(val) [59][9]	accuracy_top-1: 95.2465
2023-02-04 23:46:07,517 - mmcls - INFO - Saving checkpoint at 60 epochs
2023-02-04 23:46:10,157 - mmcls - INFO - Epoch(val) [60][9]	accuracy_top-1: 95.2465
2023-02-04 23:46:13,886 - mmcls - INFO - Saving checkpoint at 61 epochs
2023-02-04 23:46:16,525 - mmcls - INFO - Epoch(val) [61][9]	accuracy_top-1: 95.4225
2023-02-04 23:46:20,232 - mmcls - INFO - Saving checkpoint at 62 epochs
2023-02-04 23:46:22,879 - mmcls - INFO - Epoch(val) [62][9]	accuracy_top-1: 95.0704
2023-02-04 23:46:26,593 - mmcls - INFO - Saving checkpoint at 63 epochs
2023-02-04 23:46:29,238 - mmcls - INFO - Epoch(val) [63][9]	accuracy_top-1: 95.4225
2023-02-04 23:46:32,937 - mmcls - INFO - Saving checkpoint at 64 epochs
2023-02-04 23:46:35,576 - mmcls - INFO - Epoch(val) [64][9]	accuracy_top-1: 95.4225
2023-02-04 23:46:39,332 - mmcls - INFO - Saving checkpoint at 65 epochs
2023-02-04 23:46:41,965 - mmcls - INFO - Epoch(val) [65][9]	accuracy_top-1: 95.7747
2023-02-04 23:46:45,679 - mmcls - INFO - Saving checkpoint at 66 epochs
2023-02-04 23:46:48,309 - mmcls - INFO - Epoch(val) [66][9]	accuracy_top-1: 96.1268
2023-02-04 23:46:52,018 - mmcls - INFO - Saving checkpoint at 67 epochs
2023-02-04 23:46:54,650 - mmcls - INFO - Epoch(val) [67][9]	accuracy_top-1: 95.7747
2023-02-04 23:46:58,360 - mmcls - INFO - Saving checkpoint at 68 epochs
2023-02-04 23:47:00,996 - mmcls - INFO - Epoch(val) [68][9]	accuracy_top-1: 95.5986
2023-02-04 23:47:04,724 - mmcls - INFO - Saving checkpoint at 69 epochs
2023-02-04 23:47:07,356 - mmcls - INFO - Epoch(val) [69][9]	accuracy_top-1: 95.2465
2023-02-04 23:47:11,112 - mmcls - INFO - Saving checkpoint at 70 epochs
2023-02-04 23:47:13,744 - mmcls - INFO - Epoch(val) [70][9]	accuracy_top-1: 95.2465
2023-02-04 23:47:17,456 - mmcls - INFO - Saving checkpoint at 71 epochs
2023-02-04 23:47:20,102 - mmcls - INFO - Epoch(val) [71][9]	accuracy_top-1: 95.4225
2023-02-04 23:47:23,803 - mmcls - INFO - Saving checkpoint at 72 epochs
2023-02-04 23:47:26,448 - mmcls - INFO - Epoch(val) [72][9]	accuracy_top-1: 95.4225
2023-02-04 23:47:30,156 - mmcls - INFO - Saving checkpoint at 73 epochs
2023-02-04 23:47:32,797 - mmcls - INFO - Epoch(val) [73][9]	accuracy_top-1: 95.4225
2023-02-04 23:47:36,506 - mmcls - INFO - Saving checkpoint at 74 epochs
2023-02-04 23:47:39,146 - mmcls - INFO - Epoch(val) [74][9]	accuracy_top-1: 95.9507
2023-02-04 23:47:42,867 - mmcls - INFO - Saving checkpoint at 75 epochs
2023-02-04 23:47:45,504 - mmcls - INFO - Epoch(val) [75][9]	accuracy_top-1: 95.2465
2023-02-04 23:47:49,221 - mmcls - INFO - Saving checkpoint at 76 epochs
2023-02-04 23:47:51,898 - mmcls - INFO - Epoch(val) [76][9]	accuracy_top-1: 95.0704
2023-02-04 23:47:55,623 - mmcls - INFO - Saving checkpoint at 77 epochs
2023-02-04 23:47:58,258 - mmcls - INFO - Epoch(val) [77][9]	accuracy_top-1: 95.4225
2023-02-04 23:48:01,972 - mmcls - INFO - Saving checkpoint at 78 epochs
2023-02-04 23:48:04,604 - mmcls - INFO - Epoch(val) [78][9]	accuracy_top-1: 95.2465
2023-02-04 23:48:08,335 - mmcls - INFO - Saving checkpoint at 79 epochs
2023-02-04 23:48:10,965 - mmcls - INFO - Epoch(val) [79][9]	accuracy_top-1: 95.5986
2023-02-04 23:48:14,719 - mmcls - INFO - Saving checkpoint at 80 epochs
2023-02-04 23:48:17,357 - mmcls - INFO - Epoch(val) [80][9]	accuracy_top-1: 95.5986
2023-02-04 23:48:21,079 - mmcls - INFO - Saving checkpoint at 81 epochs
2023-02-04 23:48:23,717 - mmcls - INFO - Epoch(val) [81][9]	accuracy_top-1: 95.0704
2023-02-04 23:48:27,467 - mmcls - INFO - Saving checkpoint at 82 epochs
2023-02-04 23:48:30,109 - mmcls - INFO - Epoch(val) [82][9]	accuracy_top-1: 95.2465
2023-02-04 23:48:33,829 - mmcls - INFO - Saving checkpoint at 83 epochs
2023-02-04 23:48:36,463 - mmcls - INFO - Epoch(val) [83][9]	accuracy_top-1: 95.0704
2023-02-04 23:48:40,191 - mmcls - INFO - Saving checkpoint at 84 epochs
2023-02-04 23:48:42,827 - mmcls - INFO - Epoch(val) [84][9]	accuracy_top-1: 95.4225
2023-02-04 23:48:46,529 - mmcls - INFO - Saving checkpoint at 85 epochs
2023-02-04 23:48:49,166 - mmcls - INFO - Epoch(val) [85][9]	accuracy_top-1: 95.7747
2023-02-04 23:48:52,875 - mmcls - INFO - Saving checkpoint at 86 epochs
2023-02-04 23:48:55,512 - mmcls - INFO - Epoch(val) [86][9]	accuracy_top-1: 95.2465
2023-02-04 23:48:59,228 - mmcls - INFO - Saving checkpoint at 87 epochs
2023-02-04 23:49:01,860 - mmcls - INFO - Epoch(val) [87][9]	accuracy_top-1: 94.8944
2023-02-04 23:49:05,602 - mmcls - INFO - Saving checkpoint at 88 epochs
2023-02-04 23:49:08,237 - mmcls - INFO - Epoch(val) [88][9]	accuracy_top-1: 95.4225
2023-02-04 23:49:11,948 - mmcls - INFO - Saving checkpoint at 89 epochs
2023-02-04 23:49:14,591 - mmcls - INFO - Epoch(val) [89][9]	accuracy_top-1: 95.5986
2023-02-04 23:49:18,315 - mmcls - INFO - Saving checkpoint at 90 epochs
2023-02-04 23:49:20,952 - mmcls - INFO - Epoch(val) [90][9]	accuracy_top-1: 95.7747
2023-02-04 23:49:24,705 - mmcls - INFO - Saving checkpoint at 91 epochs
2023-02-04 23:49:27,339 - mmcls - INFO - Epoch(val) [91][9]	accuracy_top-1: 95.4225
2023-02-04 23:49:31,056 - mmcls - INFO - Saving checkpoint at 92 epochs
2023-02-04 23:49:33,699 - mmcls - INFO - Epoch(val) [92][9]	accuracy_top-1: 95.5986
2023-02-04 23:49:37,418 - mmcls - INFO - Saving checkpoint at 93 epochs
2023-02-04 23:49:40,049 - mmcls - INFO - Epoch(val) [93][9]	accuracy_top-1: 95.7747
2023-02-04 23:49:43,773 - mmcls - INFO - Saving checkpoint at 94 epochs
2023-02-04 23:49:46,397 - mmcls - INFO - Epoch(val) [94][9]	accuracy_top-1: 95.2465
2023-02-04 23:49:50,149 - mmcls - INFO - Saving checkpoint at 95 epochs
2023-02-04 23:49:52,777 - mmcls - INFO - Epoch(val) [95][9]	accuracy_top-1: 95.4225
2023-02-04 23:49:56,500 - mmcls - INFO - Saving checkpoint at 96 epochs
2023-02-04 23:49:59,131 - mmcls - INFO - Epoch(val) [96][9]	accuracy_top-1: 95.2465
2023-02-04 23:50:02,836 - mmcls - INFO - Saving checkpoint at 97 epochs
2023-02-04 23:50:05,469 - mmcls - INFO - Epoch(val) [97][9]	accuracy_top-1: 94.8944
2023-02-04 23:50:09,187 - mmcls - INFO - Saving checkpoint at 98 epochs
2023-02-04 23:50:11,813 - mmcls - INFO - Epoch(val) [98][9]	accuracy_top-1: 94.7183
2023-02-04 23:50:15,568 - mmcls - INFO - Saving checkpoint at 99 epochs
2023-02-04 23:50:18,198 - mmcls - INFO - Epoch(val) [99][9]	accuracy_top-1: 95.2465
2023-02-04 23:50:21,927 - mmcls - INFO - Saving checkpoint at 100 epochs
2023-02-04 23:50:24,560 - mmcls - INFO - Epoch(val) [100][9]	accuracy_top-1: 95.7747
